CRITICAL - 2024-04-05 18:32:00 --> Undefined variable $product
in APPPATH\Views\Pages\principal.php on line 11.
 1 APPPATH\Views\Pages\principal.php(11): CodeIgniter\Debug\Exceptions->errorHandler(2, 'Undefined variable $product', 'APPPATH\\Views\\Pages\\principal.php', 11)
 2 SYSTEMPATH\View\View.php(213): include('APPPATH\\Views\\Pages\\principal.php')
 3 SYSTEMPATH\View\View.php(216): CodeIgniter\View\View->CodeIgniter\View\{closure}()
 4 SYSTEMPATH\Common.php(1184): CodeIgniter\View\View->render('Pages/principal', [], true)
 5 APPPATH\Controllers\Home.php(11): view('Pages/principal', [...])
 6 SYSTEMPATH\CodeIgniter.php(934): App\Controllers\Home->index()
 7 SYSTEMPATH\CodeIgniter.php(499): CodeIgniter\CodeIgniter->runController(Object(App\Controllers\Home))
 8 SYSTEMPATH\CodeIgniter.php(368): CodeIgniter\CodeIgniter->handleRequest(null, Object(Config\Cache), false)
 9 FCPATH\index.php(67): CodeIgniter\CodeIgniter->run()
CRITICAL - 2024-04-05 18:35:44 --> Undefined variable $product
in APPPATH\Views\Pages\principal.php on line 11.
 1 APPPATH\Views\Pages\principal.php(11): CodeIgniter\Debug\Exceptions->errorHandler(2, 'Undefined variable $product', 'APPPATH\\Views\\Pages\\principal.php', 11)
 2 SYSTEMPATH\View\View.php(213): include('APPPATH\\Views\\Pages\\principal.php')
 3 SYSTEMPATH\View\View.php(216): CodeIgniter\View\View->CodeIgniter\View\{closure}()
 4 SYSTEMPATH\Common.php(1184): CodeIgniter\View\View->render('Pages/principal', [], true)
 5 APPPATH\Controllers\Home.php(13): view('Pages/principal', [...])
 6 SYSTEMPATH\CodeIgniter.php(934): App\Controllers\Home->index()
 7 SYSTEMPATH\CodeIgniter.php(499): CodeIgniter\CodeIgniter->runController(Object(App\Controllers\Home))
 8 SYSTEMPATH\CodeIgniter.php(368): CodeIgniter\CodeIgniter->handleRequest(null, Object(Config\Cache), false)
 9 FCPATH\index.php(67): CodeIgniter\CodeIgniter->run()
CRITICAL - 2024-04-05 18:48:38 --> Undefined variable $productos
in APPPATH\Views\Pages\principal.php on line 4.
 1 APPPATH\Views\Pages\principal.php(4): CodeIgniter\Debug\Exceptions->errorHandler(2, 'Undefined variable $productos', 'APPPATH\\Views\\Pages\\principal.php', 4)
 2 SYSTEMPATH\View\View.php(213): include('APPPATH\\Views\\Pages\\principal.php')
 3 SYSTEMPATH\View\View.php(216): CodeIgniter\View\View->CodeIgniter\View\{closure}()
 4 SYSTEMPATH\Common.php(1184): CodeIgniter\View\View->render('/Pages/principal', [], true)
 5 APPPATH\Controllers\Product.php(17): view('/Pages/principal', [...])
 6 SYSTEMPATH\CodeIgniter.php(934): App\Controllers\Product->principal()
 7 SYSTEMPATH\CodeIgniter.php(499): CodeIgniter\CodeIgniter->runController(Object(App\Controllers\Product))
 8 SYSTEMPATH\CodeIgniter.php(368): CodeIgniter\CodeIgniter->handleRequest(null, Object(Config\Cache), false)
 9 FCPATH\index.php(67): CodeIgniter\CodeIgniter->run()
CRITICAL - 2024-04-05 19:12:51 --> Undefined variable $card
in APPPATH\Views\Pages\principal.php on line 6.
 1 APPPATH\Views\Pages\principal.php(6): CodeIgniter\Debug\Exceptions->errorHandler(2, 'Undefined variable $card', 'APPPATH\\Views\\Pages\\principal.php', 6)
 2 SYSTEMPATH\View\View.php(213): include('APPPATH\\Views\\Pages\\principal.php')
 3 SYSTEMPATH\View\View.php(216): CodeIgniter\View\View->CodeIgniter\View\{closure}()
 4 SYSTEMPATH\Common.php(1184): CodeIgniter\View\View->render('/Pages/principal', [], true)
 5 APPPATH\Controllers\Product.php(17): view('/Pages/principal', [...])
 6 SYSTEMPATH\CodeIgniter.php(934): App\Controllers\Product->principal()
 7 SYSTEMPATH\CodeIgniter.php(499): CodeIgniter\CodeIgniter->runController(Object(App\Controllers\Product))
 8 SYSTEMPATH\CodeIgniter.php(368): CodeIgniter\CodeIgniter->handleRequest(null, Object(Config\Cache), false)
 9 FCPATH\index.php(67): CodeIgniter\CodeIgniter->run()
CRITICAL - 2024-04-05 19:13:44 --> Undefined variable $product
in APPPATH\Views\Products\card.php on line 4.
 1 APPPATH\Views\Products\card.php(4): CodeIgniter\Debug\Exceptions->errorHandler(2, 'Undefined variable $product', 'APPPATH\\Views\\Products\\card.php', 4)
 2 SYSTEMPATH\View\View.php(213): include('APPPATH\\Views\\Products\\card.php')
 3 SYSTEMPATH\View\View.php(216): CodeIgniter\View\View->CodeIgniter\View\{closure}()
 4 SYSTEMPATH\Common.php(1184): CodeIgniter\View\View->render('Products/card', [], true)
 5 APPPATH\Controllers\Product.php(15): view('Products/card')
 6 SYSTEMPATH\CodeIgniter.php(934): App\Controllers\Product->principal()
 7 SYSTEMPATH\CodeIgniter.php(499): CodeIgniter\CodeIgniter->runController(Object(App\Controllers\Product))
 8 SYSTEMPATH\CodeIgniter.php(368): CodeIgniter\CodeIgniter->handleRequest(null, Object(Config\Cache), false)
 9 FCPATH\index.php(67): CodeIgniter\CodeIgniter->run()
CRITICAL - 2024-04-05 19:14:32 --> Undefined variable $product
in APPPATH\Views\Products\card.php on line 4.
 1 APPPATH\Views\Products\card.php(4): CodeIgniter\Debug\Exceptions->errorHandler(2, 'Undefined variable $product', 'APPPATH\\Views\\Products\\card.php', 4)
 2 SYSTEMPATH\View\View.php(213): include('APPPATH\\Views\\Products\\card.php')
 3 SYSTEMPATH\View\View.php(216): CodeIgniter\View\View->CodeIgniter\View\{closure}()
 4 SYSTEMPATH\Common.php(1184): CodeIgniter\View\View->render('Products/card', [], true)
 5 APPPATH\Controllers\Product.php(15): view('Products/card')
 6 SYSTEMPATH\CodeIgniter.php(934): App\Controllers\Product->principal()
 7 SYSTEMPATH\CodeIgniter.php(499): CodeIgniter\CodeIgniter->runController(Object(App\Controllers\Product))
 8 SYSTEMPATH\CodeIgniter.php(368): CodeIgniter\CodeIgniter->handleRequest(null, Object(Config\Cache), false)
 9 FCPATH\index.php(67): CodeIgniter\CodeIgniter->run()
CRITICAL - 2024-04-05 19:14:33 --> Undefined variable $product
in APPPATH\Views\Products\card.php on line 4.
 1 APPPATH\Views\Products\card.php(4): CodeIgniter\Debug\Exceptions->errorHandler(2, 'Undefined variable $product', 'APPPATH\\Views\\Products\\card.php', 4)
 2 SYSTEMPATH\View\View.php(213): include('APPPATH\\Views\\Products\\card.php')
 3 SYSTEMPATH\View\View.php(216): CodeIgniter\View\View->CodeIgniter\View\{closure}()
 4 SYSTEMPATH\Common.php(1184): CodeIgniter\View\View->render('Products/card', [], true)
 5 APPPATH\Controllers\Product.php(15): view('Products/card')
 6 SYSTEMPATH\CodeIgniter.php(934): App\Controllers\Product->principal()
 7 SYSTEMPATH\CodeIgniter.php(499): CodeIgniter\CodeIgniter->runController(Object(App\Controllers\Product))
 8 SYSTEMPATH\CodeIgniter.php(368): CodeIgniter\CodeIgniter->handleRequest(null, Object(Config\Cache), false)
 9 FCPATH\index.php(67): CodeIgniter\CodeIgniter->run()
CRITICAL - 2024-04-05 19:16:25 --> Undefined variable $product
in APPPATH\Views\Products\card.php on line 4.
 1 APPPATH\Views\Products\card.php(4): CodeIgniter\Debug\Exceptions->errorHandler(2, 'Undefined variable $product', 'APPPATH\\Views\\Products\\card.php', 4)
 2 SYSTEMPATH\View\View.php(213): include('APPPATH\\Views\\Products\\card.php')
 3 SYSTEMPATH\View\View.php(216): CodeIgniter\View\View->CodeIgniter\View\{closure}()
 4 SYSTEMPATH\Common.php(1184): CodeIgniter\View\View->render('Products/card', [], true)
 5 APPPATH\Controllers\Product.php(15): view('Products/card')
 6 SYSTEMPATH\CodeIgniter.php(934): App\Controllers\Product->principal()
 7 SYSTEMPATH\CodeIgniter.php(499): CodeIgniter\CodeIgniter->runController(Object(App\Controllers\Product))
 8 SYSTEMPATH\CodeIgniter.php(368): CodeIgniter\CodeIgniter->handleRequest(null, Object(Config\Cache), false)
 9 FCPATH\index.php(67): CodeIgniter\CodeIgniter->run()
